]\02-02-2018 21:35:44 INFO  TestBase:257 - https://www.google.com
02-02-2018 21:35:54 INFO  TestBase:265 - Sign in
02-02-2018 21:38:38 INFO  TestBase:257 - https://www.google.com
02-02-2018 21:38:43 INFO  TestBase:265 - Sign in
02-02-2018 21:52:01 INFO  TestBase:257 - https://www.google.com
02-02-2018 21:52:06 INFO  TestBase:265 - Sign in
02-02-2018 21:56:12 INFO  TestBase:29 - Row count is: 6
02-02-2018 21:56:12 INFO  TestBase:30 - Column count is: 3
02-02-2018 21:56:12 INFO  TestBase:77 - pankaj1,
02-02-2018 21:56:12 INFO  TestBase:78 - abcd1,
02-02-2018 21:56:12 INFO  TestBase:79 - xyz1
02-02-2018 21:56:12 INFO  TestBase:80 - 
02-02-2018 21:56:12 INFO  TestBase:77 - pankaj2,
02-02-2018 21:56:12 INFO  TestBase:78 - abcd2,
02-02-2018 21:56:12 INFO  TestBase:79 - xyz2
02-02-2018 21:56:12 INFO  TestBase:80 - 
02-02-2018 21:56:12 INFO  TestBase:77 - pankaj3,
02-02-2018 21:56:12 INFO  TestBase:78 - abcd3,
02-02-2018 21:56:12 INFO  TestBase:79 - xyz3
02-02-2018 21:56:12 INFO  TestBase:80 - 
02-02-2018 21:56:13 INFO  TestBase:77 - pankaj4,
02-02-2018 21:56:13 INFO  TestBase:78 - abcd4,
02-02-2018 21:56:13 INFO  TestBase:79 - xyz4
02-02-2018 21:56:13 INFO  TestBase:80 - 
02-02-2018 21:56:13 INFO  TestBase:77 - pankaj5,
02-02-2018 21:56:13 INFO  TestBase:78 - abcd5,
02-02-2018 21:56:13 INFO  TestBase:79 - xyz5
02-02-2018 21:56:13 INFO  TestBase:80 - 
02-02-2018 21:56:18 INFO  TestBase:257 - https://www.google.com
02-02-2018 21:56:23 INFO  TestBase:265 - Sign in
02-02-2018 22:37:50 INFO  TestBase:125 - https://www.google.com
02-02-2018 22:47:12 INFO  TestBase:117 - https://www.google.com
03-02-2018 13:33:28 INFO  TestBase:114 - https://www.google.com
03-02-2018 14:04:08 INFO  TestBase:114 - https://www.google.com
03-02-2018 14:05:02 INFO  TestBase:114 - https://www.google.com
03-02-2018 14:14:19 INFO  TestBase:114 - https://www.google.com
03-02-2018 14:15:52 INFO  TestBase:114 - https://www.google.com
03-02-2018 14:23:09 INFO  TestBase:114 - https://www.google.com
03-02-2018 14:30:24 INFO  TestBase:194 - https://www.google.com
03-02-2018 14:33:24 INFO  TestBase:194 - https://www.google.com
03-02-2018 14:37:33 INFO  TestBase:195 - https://www.google.com
03-02-2018 14:38:21 INFO  TestBase:195 - https://www.google.com
03-02-2018 14:38:27 INFO  TestBase:203 - Sign in
03-02-2018 22:42:12 INFO  TestBase:116 - https://www.google.com
03-02-2018 22:42:18 INFO  TestBase:124 - Sign in
03-02-2018 22:45:39 INFO  TestBase:116 - https://www.google.com
03-02-2018 22:48:14 INFO  TestBase:115 - https://www.google.com
03-02-2018 22:53:07 INFO  TestBase:115 - https://www.google.com
03-02-2018 22:53:11 INFO  TestBase:123 - Sign in
03-02-2018 22:55:26 INFO  TestBase:115 - https://www.google.com
20-02-2018 15:22:03 INFO  TestBase:113 - https://www.google.com
